<?xml version="1.0" encoding="UTF-8"?>
<!-- Generated by org.testng.reporters.JUnitReportReporter -->
<testsuite hostname="DESKTOP-S49R0QC" name="TestNG_Basic_Concept.Multiple_cases2" tests="3" failures="0" timestamp="18 Jun 2019 18:56:51 GMT" time="0.018" errors="0">
  <testcase name="Search" time="0.010" classname="TestNG_Basic_Concept.Multiple_cases2"/>
  <testcase name="AdvanceSearch1" time="0.004" classname="TestNG_Basic_Concept.Multiple_cases2"/>
  <testcase name="Search1" time="0.004" classname="TestNG_Basic_Concept.Multiple_cases2"/>
</testsuite> <!-- TestNG_Basic_Concept.Multiple_cases2 -->
