<?xml version="1.0" encoding="UTF-8"?>
<!-- Generated by org.testng.reporters.JUnitReportReporter -->
<testsuite hostname="DESKTOP-S49R0QC" name="RunningThroughXML_part4_parallelExecution.Parallel_classes1" tests="1" failures="0" timestamp="10 Jul 2019 21:42:07 GMT" time="12.017" errors="0">
  <testcase name="method1" time="12.017" classname="RunningThroughXML_part4_parallelExecution.Parallel_classes1"/>
</testsuite> <!-- RunningThroughXML_part4_parallelExecution.Parallel_classes1 -->
