<?xml version="1.0" encoding="UTF-8"?>
<!-- Generated by org.testng.reporters.JUnitReportReporter -->
<testsuite hostname="DESKTOP-S49R0QC" name="TestNG_Basic_Concept.Before_and_After_testMethod" tests="1" failures="0" timestamp="15 Jun 2019 21:36:11 GMT" time="0.335" errors="0">
  <testcase name="verifyHomepageTitle" time="0.335" classname="TestNG_Basic_Concept.Before_and_After_testMethod"/>
</testsuite> <!-- TestNG_Basic_Concept.Before_and_After_testMethod -->
