<?xml version="1.0" encoding="UTF-8"?>
<!-- Generated by org.testng.reporters.JUnitReportReporter -->
<testsuite hostname="DESKTOP-S49R0QC" name="DataDrivenFramework_TestNG_Part2.Readtestdata_Interger_type" tests="3" failures="0" timestamp="14 Jul 2019 06:57:03 GMT" time="0.015" errors="0">
  <testcase name="add" time="0.003" classname="DataDrivenFramework_TestNG_Part2.Readtestdata_Interger_type"/>
  <testcase name="add" time="0.002" classname="DataDrivenFramework_TestNG_Part2.Readtestdata_Interger_type"/>
  <testcase name="add" time="0.010" classname="DataDrivenFramework_TestNG_Part2.Readtestdata_Interger_type"/>
</testsuite> <!-- DataDrivenFramework_TestNG_Part2.Readtestdata_Interger_type -->
