<?xml version="1.0" encoding="UTF-8"?>
<!-- Generated by org.testng.reporters.JUnitReportReporter -->
<testsuite hostname="DESKTOP-S49R0QC" name="TestNG_Basic_Concept.UsingBoth_BeforeandAfter_testmethods" tests="2" failures="0" timestamp="10 Jul 2019 17:44:38 GMT" time="3.863" errors="0">
  <testcase name="support" time="2.087" classname="TestNG_Basic_Concept.UsingBoth_BeforeandAfter_testmethods"/>
  <testcase name="register" time="1.776" classname="TestNG_Basic_Concept.UsingBoth_BeforeandAfter_testmethods"/>
</testsuite> <!-- TestNG_Basic_Concept.UsingBoth_BeforeandAfter_testmethods -->
