<?xml version="1.0" encoding="UTF-8"?>
<!-- Generated by org.testng.reporters.JUnitReportReporter -->
<testsuite hostname="DESKTOP-S49R0QC" name="TestNG.FirstTestNG_Case" tests="1" failures="0" timestamp="15 Jun 2019 11:55:23 GMT" time="5.471" errors="0">
  <testcase name="VerifyTitle" time="5.471" classname="TestNG.FirstTestNG_Case"/>
</testsuite> <!-- TestNG.FirstTestNG_Case -->
