<?xml version="1.0" encoding="UTF-8"?>
<!-- Generated by org.testng.reporters.JUnitReportReporter -->
<testsuite hostname="DESKTOP-S49R0QC" name="RunningThroughXML.Tetscase1" tests="1" failures="0" timestamp="18 Jun 2019 20:53:32 GMT" time="0.004" errors="0">
  <testcase name="Search" time="0.004" classname="RunningThroughXML.Tetscase1"/>
</testsuite> <!-- RunningThroughXML.Tetscase1 -->
