<?xml version="1.0" encoding="UTF-8"?>
<!-- Generated by org.testng.reporters.JUnitReportReporter -->
<testsuite hostname="DESKTOP-S49R0QC" name="Class44_Alert.ALLAlert" tests="1" failures="0" timestamp="18 Jul 2019 19:32:09 GMT" time="7.667" errors="0">
  <testcase name="alert" time="7.667" classname="Class44_Alert.ALLAlert"/>
</testsuite> <!-- Class44_Alert.ALLAlert -->
