<?xml version="1.0" encoding="UTF-8"?>
<!-- Generated by org.testng.reporters.JUnitReportReporter -->
<testsuite hostname="DESKTOP-S49R0QC" name="RunningThroughXML_part2_Grouping.grouping2" tests="2" failures="0" timestamp="10 Jul 2019 20:13:15 GMT" time="0.004" errors="0">
  <testcase name="method1" time="0.002" classname="RunningThroughXML_part2_Grouping.grouping2"/>
  <testcase name="method2" time="0.002" classname="RunningThroughXML_part2_Grouping.grouping2"/>
</testsuite> <!-- RunningThroughXML_part2_Grouping.grouping2 -->
