<?xml version="1.0" encoding="UTF-8"?>
<!-- Generated by org.testng.reporters.JUnitReportReporter -->
<testsuite hostname="DESKTOP-S49R0QC" name="Class49_UploadFile_AutoIT.upload" tests="1" failures="0" timestamp="18 Jul 2019 21:59:48 GMT" time="6.651" errors="0">
  <testcase name="upload" time="6.651" classname="Class49_UploadFile_AutoIT.upload"/>
</testsuite> <!-- Class49_UploadFile_AutoIT.upload -->
