<?xml version="1.0" encoding="UTF-8"?>
<!-- Generated by org.testng.reporters.JUnitReportReporter -->
<testsuite hostname="DESKTOP-S49R0QC" name="RunningThroughXML_part1_classes.ParallelRunningOfClass" tests="1" failures="0" timestamp="10 Jul 2019 18:34:41 GMT" time="0.016" errors="0">
  <testcase name="Regression" time="0.016" classname="RunningThroughXML_part1_classes.ParallelRunningOfClass"/>
</testsuite> <!-- RunningThroughXML_part1_classes.ParallelRunningOfClass -->
