<?xml version="1.0" encoding="UTF-8"?>
<!-- Generated by org.testng.reporters.JUnitReportReporter -->
<testsuite hostname="DESKTOP-S49R0QC" name="RunningThroughXML_part4_parallelExecution.paraleel_methods" tests="4" failures="0" timestamp="10 Jul 2019 20:59:22 GMT" time="0.033" errors="0">
  <testcase name="method3" time="0.003" classname="RunningThroughXML_part4_parallelExecution.paraleel_methods"/>
  <testcase name="method2" time="0.013" classname="RunningThroughXML_part4_parallelExecution.paraleel_methods"/>
  <testcase name="method4" time="0.004" classname="RunningThroughXML_part4_parallelExecution.paraleel_methods"/>
  <testcase name="method1" time="0.013" classname="RunningThroughXML_part4_parallelExecution.paraleel_methods"/>
</testsuite> <!-- RunningThroughXML_part4_parallelExecution.paraleel_methods -->
