<?xml version="1.0" encoding="UTF-8"?>
<!-- Generated by org.testng.reporters.JUnitReportReporter -->
<testsuite hostname="DESKTOP-S49R0QC" name="RunningThroughXML.ParallelRunningOfClass" tests="1" failures="0" timestamp="18 Jun 2019 21:02:39 GMT" time="0.012" errors="0">
  <testcase name="Regression" time="0.012" classname="RunningThroughXML.ParallelRunningOfClass"/>
</testsuite> <!-- RunningThroughXML.ParallelRunningOfClass -->
