<?xml version="1.0" encoding="UTF-8"?>
<!-- Generated by org.testng.reporters.JUnitReportReporter -->
<testsuite hostname="DESKTOP-S49R0QC" name="Class44_Alert.Confirmbox" tests="1" failures="0" timestamp="18 Jul 2019 19:35:55 GMT" time="8.148" errors="0">
  <testcase name="alert" time="8.148" classname="Class44_Alert.Confirmbox"/>
</testsuite> <!-- Class44_Alert.Confirmbox -->
