<?xml version="1.0" encoding="UTF-8"?>
<!-- Generated by org.testng.reporters.JUnitReportReporter -->
<testsuite hostname="DESKTOP-S49R0QC" name="RunningThroughXML_part1_classes.ParallelRunningOfClass1" tests="1" failures="0" timestamp="10 Jul 2019 18:34:41 GMT" time="0.007" errors="0">
  <testcase name="Regression2" time="0.007" classname="RunningThroughXML_part1_classes.ParallelRunningOfClass1"/>
</testsuite> <!-- RunningThroughXML_part1_classes.ParallelRunningOfClass1 -->
