<?xml version="1.0" encoding="UTF-8"?>
<!-- Generated by org.testng.reporters.JUnitReportReporter -->
<testsuite hostname="DESKTOP-S49R0QC" name="TestNG_Basic_Concept.VerifyTitle_ofpage_using_Assert" tests="2" failures="0" timestamp="15 Jun 2019 20:13:22 GMT" time="25.373" errors="0">
  <testcase name="verifytitle2" time="19.201" classname="TestNG_Basic_Concept.VerifyTitle_ofpage_using_Assert"/>
  <testcase name="verifytitle" time="6.172" classname="TestNG_Basic_Concept.VerifyTitle_ofpage_using_Assert"/>
</testsuite> <!-- TestNG_Basic_Concept.VerifyTitle_ofpage_using_Assert -->
