<?xml version="1.0" encoding="UTF-8"?>
<!-- Generated by org.testng.reporters.JUnitReportReporter -->
<testsuite hostname="DESKTOP-S49R0QC" name="RunningThroughXML_part2_Grouping.Group" tests="7" failures="0" timestamp="10 Jul 2019 20:13:15 GMT" time="0.029" errors="0">
  <testcase name="method3" time="0.002" classname="RunningThroughXML_part2_Grouping.Group"/>
  <testcase name="method5" time="0.009" classname="RunningThroughXML_part2_Grouping.Group"/>
  <testcase name="method4" time="0.001" classname="RunningThroughXML_part2_Grouping.Group"/>
  <testcase name="method6" time="0.002" classname="RunningThroughXML_part2_Grouping.Group"/>
  <testcase name="method2" time="0.003" classname="RunningThroughXML_part2_Grouping.Group"/>
  <testcase name="method4" time="0.005" classname="RunningThroughXML_part2_Grouping.Group"/>
  <testcase name="method1" time="0.007" classname="RunningThroughXML_part2_Grouping.Group"/>
</testsuite> <!-- RunningThroughXML_part2_Grouping.Group -->
