<?xml version="1.0" encoding="UTF-8"?>
<!-- Generated by org.testng.reporters.JUnitReportReporter -->
<testsuite hostname="DESKTOP-S49R0QC" name="RunningThroughXML.NewTest" tests="1" failures="0" timestamp="18 Jun 2019 20:53:32 GMT" time="0.007" errors="0">
  <testcase name="Search" time="0.007" classname="RunningThroughXML.NewTest"/>
</testsuite> <!-- RunningThroughXML.NewTest -->
