<?xml version="1.0" encoding="UTF-8"?>
<!-- Generated by org.testng.reporters.JUnitReportReporter -->
<testsuite hostname="DESKTOP-S49R0QC" name="RunningThroughXML.ParallelRunningOfClass1" tests="1" failures="0" timestamp="18 Jun 2019 21:02:39 GMT" time="0.002" errors="0">
  <testcase name="Regression2" time="0.002" classname="RunningThroughXML.ParallelRunningOfClass1"/>
</testsuite> <!-- RunningThroughXML.ParallelRunningOfClass1 -->
