<?xml version="1.0" encoding="UTF-8"?>
<!-- Generated by org.testng.reporters.JUnitReportReporter -->
<testsuite hostname="DESKTOP-S49R0QC" name="HandlingFrames.Frames" tests="1" failures="0" timestamp="18 Jul 2019 18:44:22 GMT" time="16.351" errors="0">
  <testcase name="frames" time="16.351" classname="HandlingFrames.Frames"/>
</testsuite> <!-- HandlingFrames.Frames -->
