<?xml version="1.0" encoding="UTF-8"?>
<!-- Generated by org.testng.reporters.JUnitReportReporter -->
<testsuite hostname="DESKTOP-S49R0QC" name="RunningThroughXML_part3_Somemethods_only.Running_only_fewmethods" tests="2" failures="0" timestamp="18 Jun 2019 22:45:03 GMT" time="0.014" errors="0">
  <testcase name="Search0" time="0.013" classname="RunningThroughXML_part3_Somemethods_only.Running_only_fewmethods"/>
  <testcase name="Search1" time="0.001" classname="RunningThroughXML_part3_Somemethods_only.Running_only_fewmethods"/>
</testsuite> <!-- RunningThroughXML_part3_Somemethods_only.Running_only_fewmethods -->
