<?xml version="1.0" encoding="UTF-8"?>
<!-- Generated by org.testng.reporters.JUnitReportReporter -->
<testsuite hostname="DESKTOP-S49R0QC" name="Class44_Alert.Prompbox" tests="1" failures="0" timestamp="18 Jul 2019 21:59:17 GMT" time="12.551" errors="0">
  <testcase name="alert" time="12.551" classname="Class44_Alert.Prompbox"/>
</testsuite> <!-- Class44_Alert.Prompbox -->
