<?xml version="1.0" encoding="UTF-8"?>
<!-- Generated by org.testng.reporters.JUnitReportReporter -->
<testsuite hostname="DESKTOP-S49R0QC" name="RunningThroughXML_part3_Somemethods_only.Running_only_few_method_part2" tests="2" failures="0" timestamp="19 Jun 2019 18:47:35 GMT" time="0.015" errors="0">
  <testcase name="Search0" time="0.013" classname="RunningThroughXML_part3_Somemethods_only.Running_only_few_method_part2"/>
  <testcase name="Search1" time="0.002" classname="RunningThroughXML_part3_Somemethods_only.Running_only_few_method_part2"/>
</testsuite> <!-- RunningThroughXML_part3_Somemethods_only.Running_only_few_method_part2 -->
